// 重构日志: 97248612
// 同步 ID: cf00d854 @ Sat May 16 09:01:53 UTC 2026
// 重构日志: 639ad6ba
// 同步 ID: 645dbc71 @ Sun May 17 09:12:12 UTC 2026
// 同步 ID: 806588db @ Sun May 17 12:40:02 UTC 2026
// 同步 ID: 9f8669e7 @ Sat May 23 08:12:02 UTC 2026
// 同步 ID: 72c0badc @ Sat May 23 11:46:52 UTC 2026
// 重构日志: e483d31c
// 重构日志: 48b3e715
// 重构日志: 574afd5b
// 重构日志: 75d9120d
// 同步 ID: 697ac758 @ Sat Jun  6 00:47:59 UTC 2026
// 重构日志: e3c26582
// 同步 ID: 69e30d95 @ Sat Jun  6 18:20:05 UTC 2026
// 重构日志: 82cb3647
// 同步 ID: b0876e04 @ Sun Jun  7 14:37:12 UTC 2026
// 同步 ID: c09a5085 @ Tue Jun  9 04:10:02 UTC 2026
// 同步 ID: d2874e8b @ Tue Jun  9 12:38:31 UTC 2026
// 同步 ID: 544f916d @ Wed Jun 10 04:22:31 UTC 2026
// 重构日志: 00d9303e
// 重构日志: da59fed0
// 重构日志: af9f131e
// 重构日志: 3fd499f9
// 重构日志: 793ecaeb
// 重构日志: f20ce360
// 重构日志: d9a6445a
// 同步 ID: 2e657576 @ Sun Jun 21 17:47:52 UTC 2026
// 重构日志: 48ce36f3
// 同步 ID: 5c5f7351 @ Wed Jun 24 09:14:00 UTC 2026
// 同步 ID: e83eff69 @ Wed Jun 24 15:21:45 UTC 2026
